# JRE version: OpenJDK Runtime Environment Microsoft-8297089 (17.0.8.1+1) (build 17.0.8.1+1-LTS)
# Java VM: OpenJDK 64-Bit Server VM Microsoft-8297089 (17.0.8.1+1-LTS, mixed mode, sharing, tiered, compressed oops, compressed class ptrs, g1 gc, windows-amd64)
GC Precious Log:
 CPUs: 4 total, 4 available
 Memory: 7931M
 Large Page Support: Disabled
 NUMA Support: Disabled
 Compressed Oops: Enabled (32-bit)
 Heap Region Size: 1M
 Heap Min Capacity: 8M
 Heap Initial Capacity: 124M
 Heap Max Capacity: 2G
 Pre-touch: Disabled
 Parallel Workers: 4
 Concurrent Workers: 1
 Concurrent Refinement Workers: 4
 Periodic GC: Disabled
Heap:
 garbage-first heap   total 451584K, used 239339K [0x0000000080000000, 0x0000000100000000)
  region size 1024K, 89 young (91136K), 23 survivors (23552K)
 Metaspace       used 105645K, committed 106624K, reserved 557056K
  class space    used 14504K, committed 14976K, reserved 425984K
GC Heap History (20 events):
Event: 30.670 GC heap before
{Heap before GC invocations=24 (full 0):
 garbage-first heap   total 186368K, used 141782K [0x0000000080000000, 0x0000000100000000)
  region size 1024K, 74 young (75776K), 10 survivors (10240K)
 Metaspace       used 78210K, committed 78848K, reserved 557056K
  class space    used 10651K, committed 10944K, reserved 425984K
}
Event: 30.696 GC heap after
{Heap after GC invocations=25 (full 0):
 garbage-first heap   total 186368K, used 81199K [0x0000000080000000, 0x0000000100000000)
  region size 1024K, 6 young (6144K), 6 survivors (6144K)
 Metaspace       used 78210K, committed 78848K, reserved 557056K
  class space    used 10651K, committed 10944K, reserved 425984K
}
Event: 35.181 GC heap before
{Heap before GC invocations=25 (full 0):
 garbage-first heap   total 186368K, used 143663K [0x0000000080000000, 0x0000000100000000)
  region size 1024K, 67 young (68608K), 6 survivors (6144K)
 Metaspace       used 83419K, committed 84160K, reserved 557056K
  class space    used 11549K, committed 11904K, reserved 425984K
}
Event: 35.219 GC heap after
{Heap after GC invocations=26 (full 0):
 garbage-first heap   total 186368K, used 86446K [0x0000000080000000, 0x0000000100000000)
  region size 1024K, 5 young (5120K), 5 survivors (5120K)
 Metaspace       used 83419K, committed 84160K, reserved 557056K
  class space    used 11549K, committed 11904K, reserved 425984K
}
Event: 36.552 GC heap before
{Heap before GC invocations=26 (full 0):
 garbage-first heap   total 186368K, used 124334K [0x0000000080000000, 0x0000000100000000)
  region size 1024K, 42 young (43008K), 5 survivors (5120K)
 Metaspace       used 85077K, committed 85824K, reserved 557056K
  class space    used 11757K, committed 12096K, reserved 425984K
}
Event: 36.578 GC heap after
{Heap after GC invocations=27 (full 0):
 garbage-first heap   total 186368K, used 92900K [0x0000000080000000, 0x0000000100000000)
  region size 1024K, 5 young (5120K), 5 survivors (5120K)
 Metaspace       used 85077K, committed 85824K, reserved 557056K
  class space    used 11757K, committed 12096K, reserved 425984K
}
Event: 38.494 GC heap before
{Heap before GC invocations=28 (full 0):
 garbage-first heap   total 189440K, used 155364K [0x0000000080000000, 0x0000000100000000)
  region size 1024K, 59 young (60416K), 5 survivors (5120K)
 Metaspace       used 88182K, committed 88960K, reserved 557056K
  class space    used 12211K, committed 12608K, reserved 425984K
}
Event: 38.530 GC heap after
{Heap after GC invocations=29 (full 0):
 garbage-first heap   total 189440K, used 108544K [0x0000000080000000, 0x0000000100000000)
  region size 1024K, 8 young (8192K), 8 survivors (8192K)
 Metaspace       used 88182K, committed 88960K, reserved 557056K
  class space    used 12211K, committed 12608K, reserved 425984K
}
Event: 38.562 GC heap before
{Heap before GC invocations=29 (full 0):
 garbage-first heap   total 189440K, used 108544K [0x0000000080000000, 0x0000000100000000)
  region size 1024K, 9 young (9216K), 8 survivors (8192K)
 Metaspace       used 88186K, committed 88960K, reserved 557056K
  class space    used 12211K, committed 12608K, reserved 425984K
}
Event: 38.581 GC heap after
{Heap after GC invocations=30 (full 0):
 garbage-first heap   total 189440K, used 108696K [0x0000000080000000, 0x0000000100000000)
  region size 1024K, 1 young (1024K), 1 survivors (1024K)
 Metaspace       used 88186K, committed 88960K, reserved 557056K
  class space    used 12211K, committed 12608K, reserved 425984K
}
Event: 39.877 GC heap before
{Heap before GC invocations=30 (full 0):
 garbage-first heap   total 189440K, used 159896K [0x0000000080000000, 0x0000000100000000)
  region size 1024K, 45 young (46080K), 1 survivors (1024K)
 Metaspace       used 90723K, committed 91520K, reserved 557056K
  class space    used 12530K, committed 12928K, reserved 425984K
}
Event: 39.893 GC heap after
{Heap after GC invocations=31 (full 0):
 garbage-first heap   total 189440K, used 124928K [0x0000000080000000, 0x0000000100000000)
  region size 1024K, 6 young (6144K), 6 survivors (6144K)
 Metaspace       used 90723K, committed 91520K, reserved 557056K
  class space    used 12530K, committed 12928K, reserved 425984K
}
Event: 41.439 GC heap before
{Heap before GC invocations=32 (full 0):
 garbage-first heap   total 215040K, used 156672K [0x0000000080000000, 0x0000000100000000)
  region size 1024K, 37 young (37888K), 6 survivors (6144K)
 Metaspace       used 92369K, committed 93184K, reserved 557056K
  class space    used 12788K, committed 13184K, reserved 425984K
}
Event: 41.458 GC heap after
{Heap after GC invocations=33 (full 0):
 garbage-first heap   total 215040K, used 128724K [0x0000000080000000, 0x0000000100000000)
  region size 1024K, 4 young (4096K), 4 survivors (4096K)
 Metaspace       used 92369K, committed 93184K, reserved 557056K
  class space    used 12788K, committed 13184K, reserved 425984K
}
Event: 41.611 GC heap before
{Heap before GC invocations=33 (full 0):
 garbage-first heap   total 215040K, used 134868K [0x0000000080000000, 0x0000000100000000)
  region size 1024K, 10 young (10240K), 4 survivors (4096K)
 Metaspace       used 92689K, committed 93568K, reserved 557056K
  class space    used 12836K, committed 13248K, reserved 425984K
}
Event: 41.629 GC heap after
{Heap after GC invocations=34 (full 0):
 garbage-first heap   total 451584K, used 128426K [0x0000000080000000, 0x0000000100000000)
  region size 1024K, 1 young (1024K), 1 survivors (1024K)
 Metaspace       used 92689K, committed 93568K, reserved 557056K
  class space    used 12836K, committed 13248K, reserved 425984K
}
Event: 52.680 GC heap before
{Heap before GC invocations=34 (full 0):
 garbage-first heap   total 451584K, used 317866K [0x0000000080000000, 0x0000000100000000)
  region size 1024K, 186 young (190464K), 1 survivors (1024K)
 Metaspace       used 99676K, committed 100480K, reserved 557056K
  class space    used 13730K, committed 14144K, reserved 425984K
}
Event: 52.746 GC heap after
{Heap after GC invocations=35 (full 0):
 garbage-first heap   total 451584K, used 147279K [0x0000000080000000, 0x0000000100000000)
  region size 1024K, 19 young (19456K), 19 survivors (19456K)
 Metaspace       used 99676K, committed 100480K, reserved 557056K
  class space    used 13730K, committed 14144K, reserved 425984K
}
Event: 58.813 GC heap before
{Heap before GC invocations=35 (full 0):
 garbage-first heap   total 451584K, used 329551K [0x0000000080000000, 0x0000000100000000)
  region size 1024K, 198 young (202752K), 19 survivors (19456K)
 Metaspace       used 105546K, committed 106560K, reserved 557056K
  class space    used 14504K, committed 14976K, reserved 425984K
}
Event: 58.953 GC heap after
{Heap after GC invocations=36 (full 0):
 garbage-first heap   total 451584K, used 169707K [0x0000000080000000, 0x0000000100000000)
  region size 1024K, 23 young (23552K), 23 survivors (23552K)
 Metaspace       used 105546K, committed 106560K, reserved 557056K
  class space    used 14504K, committed 14976K, reserved 425984K
}

