# JRE version: OpenJDK Runtime Environment Microsoft-8297089 (17.0.8.1+1) (build 17.0.8.1+1-LTS)
# Java VM: OpenJDK 64-Bit Server VM Microsoft-8297089 (17.0.8.1+1-LTS, mixed mode, sharing, tiered, compressed oops, compressed class ptrs, g1 gc, windows-amd64)
GC Precious Log:
 CPUs: 4 total, 4 available
 Memory: 7931M
 Large Page Support: Disabled
 NUMA Support: Disabled
 Compressed Oops: Enabled (32-bit)
 Heap Region Size: 1M
 Heap Min Capacity: 8M
 Heap Initial Capacity: 124M
 Heap Max Capacity: 2G
 Pre-touch: Disabled
 Parallel Workers: 4
 Concurrent Workers: 1
 Concurrent Refinement Workers: 4
 Periodic GC: Disabled
Heap:
 garbage-first heap   total 372736K, used 270451K [0x0000000080000000, 0x0000000100000000)
  region size 1024K, 133 young (136192K), 18 survivors (18432K)
 Metaspace       used 103864K, committed 104960K, reserved 557056K
  class space    used 14272K, committed 14784K, reserved 425984K
GC Heap History (20 events):
Event: 25.389 GC heap before
{Heap before GC invocations=27 (full 0):
 garbage-first heap   total 165888K, used 133126K [0x0000000080000000, 0x0000000100000000)
  region size 1024K, 62 young (63488K), 9 survivors (9216K)
 Metaspace       used 75248K, committed 75904K, reserved 557056K
  class space    used 10222K, committed 10496K, reserved 425984K
}
Event: 25.412 GC heap after
{Heap after GC invocations=28 (full 0):
 garbage-first heap   total 165888K, used 77997K [0x0000000080000000, 0x0000000100000000)
  region size 1024K, 7 young (7168K), 7 survivors (7168K)
 Metaspace       used 75248K, committed 75904K, reserved 557056K
  class space    used 10222K, committed 10496K, reserved 425984K
}
Event: 29.167 GC heap before
{Heap before GC invocations=28 (full 0):
 garbage-first heap   total 165888K, used 128173K [0x0000000080000000, 0x0000000100000000)
  region size 1024K, 56 young (57344K), 7 survivors (7168K)
 Metaspace       used 76552K, committed 77248K, reserved 557056K
  class space    used 10436K, committed 10752K, reserved 425984K
}
Event: 29.192 GC heap after
{Heap after GC invocations=29 (full 0):
 garbage-first heap   total 165888K, used 82190K [0x0000000080000000, 0x0000000100000000)
  region size 1024K, 5 young (5120K), 5 survivors (5120K)
 Metaspace       used 76552K, committed 77248K, reserved 557056K
  class space    used 10436K, committed 10752K, reserved 425984K
}
Event: 31.027 GC heap before
{Heap before GC invocations=29 (full 0):
 garbage-first heap   total 165888K, used 130318K [0x0000000080000000, 0x0000000100000000)
  region size 1024K, 52 young (53248K), 5 survivors (5120K)
 Metaspace       used 82106K, committed 82816K, reserved 557056K
  class space    used 11385K, committed 11712K, reserved 425984K
}
Event: 31.052 GC heap after
{Heap after GC invocations=30 (full 0):
 garbage-first heap   total 165888K, used 85357K [0x0000000080000000, 0x0000000100000000)
  region size 1024K, 3 young (3072K), 3 survivors (3072K)
 Metaspace       used 82106K, committed 82816K, reserved 557056K
  class space    used 11385K, committed 11712K, reserved 425984K
}
Event: 33.332 GC heap before
{Heap before GC invocations=31 (full 0):
 garbage-first heap   total 165888K, used 140653K [0x0000000080000000, 0x0000000100000000)
  region size 1024K, 49 young (50176K), 3 survivors (3072K)
 Metaspace       used 84454K, committed 85248K, reserved 557056K
  class space    used 11662K, committed 12032K, reserved 425984K
}
Event: 33.355 GC heap after
{Heap after GC invocations=32 (full 0):
 garbage-first heap   total 165888K, used 101811K [0x0000000080000000, 0x0000000100000000)
  region size 1024K, 7 young (7168K), 7 survivors (7168K)
 Metaspace       used 84454K, committed 85248K, reserved 557056K
  class space    used 11662K, committed 12032K, reserved 425984K
}
Event: 33.392 GC heap before
{Heap before GC invocations=32 (full 0):
 garbage-first heap   total 165888K, used 102835K [0x0000000080000000, 0x0000000100000000)
  region size 1024K, 8 young (8192K), 7 survivors (7168K)
 Metaspace       used 84534K, committed 85312K, reserved 557056K
  class space    used 11674K, committed 12032K, reserved 425984K
}
Event: 33.413 GC heap after
{Heap after GC invocations=33 (full 0):
 garbage-first heap   total 165888K, used 103429K [0x0000000080000000, 0x0000000100000000)
  region size 1024K, 1 young (1024K), 1 survivors (1024K)
 Metaspace       used 84534K, committed 85312K, reserved 557056K
  class space    used 11674K, committed 12032K, reserved 425984K
}
Event: 34.544 GC heap before
{Heap before GC invocations=33 (full 0):
 garbage-first heap   total 165888K, used 134149K [0x0000000080000000, 0x0000000100000000)
  region size 1024K, 31 young (31744K), 1 survivors (1024K)
 Metaspace       used 86190K, committed 86976K, reserved 557056K
  class space    used 11951K, committed 12352K, reserved 425984K
}
Event: 34.565 GC heap after
{Heap after GC invocations=34 (full 0):
 garbage-first heap   total 165888K, used 107520K [0x0000000080000000, 0x0000000100000000)
  region size 1024K, 4 young (4096K), 4 survivors (4096K)
 Metaspace       used 86190K, committed 86976K, reserved 557056K
  class space    used 11951K, committed 12352K, reserved 425984K
}
Event: 35.800 GC heap before
{Heap before GC invocations=35 (full 0):
 garbage-first heap   total 186368K, used 140288K [0x0000000080000000, 0x0000000100000000)
  region size 1024K, 30 young (30720K), 4 survivors (4096K)
 Metaspace       used 86918K, committed 87808K, reserved 557056K
  class space    used 12040K, committed 12480K, reserved 425984K
}
Event: 35.820 GC heap after
{Heap after GC invocations=36 (full 0):
 garbage-first heap   total 186368K, used 121856K [0x0000000080000000, 0x0000000100000000)
  region size 1024K, 4 young (4096K), 4 survivors (4096K)
 Metaspace       used 86918K, committed 87808K, reserved 557056K
  class space    used 12040K, committed 12480K, reserved 425984K
}
Event: 35.936 GC heap before
{Heap before GC invocations=36 (full 0):
 garbage-first heap   total 186368K, used 126976K [0x0000000080000000, 0x0000000100000000)
  region size 1024K, 9 young (9216K), 4 survivors (4096K)
 Metaspace       used 87504K, committed 88384K, reserved 557056K
  class space    used 12117K, committed 12544K, reserved 425984K
}
Event: 35.953 GC heap after
{Heap after GC invocations=37 (full 0):
 garbage-first heap   total 372736K, used 121145K [0x0000000080000000, 0x0000000100000000)
  region size 1024K, 1 young (1024K), 1 survivors (1024K)
 Metaspace       used 87504K, committed 88384K, reserved 557056K
  class space    used 12117K, committed 12544K, reserved 425984K
}
Event: 41.297 GC heap before
{Heap before GC invocations=37 (full 0):
 garbage-first heap   total 372736K, used 275769K [0x0000000080000000, 0x0000000100000000)
  region size 1024K, 153 young (156672K), 1 survivors (1024K)
 Metaspace       used 96865K, committed 97728K, reserved 557056K
  class space    used 13380K, committed 13824K, reserved 425984K
}
Event: 41.345 GC heap after
{Heap after GC invocations=38 (full 0):
 garbage-first heap   total 372736K, used 136550K [0x0000000080000000, 0x0000000100000000)
  region size 1024K, 16 young (16384K), 16 survivors (16384K)
 Metaspace       used 96865K, committed 97728K, reserved 557056K
  class space    used 13380K, committed 13824K, reserved 425984K
}
Event: 52.593 GC heap before
{Heap before GC invocations=38 (full 0):
 garbage-first heap   total 372736K, used 278886K [0x0000000080000000, 0x0000000100000000)
  region size 1024K, 155 young (158720K), 16 survivors (16384K)
 Metaspace       used 102222K, committed 103296K, reserved 557056K
  class space    used 14105K, committed 14656K, reserved 425984K
}
Event: 52.681 GC heap after
{Heap after GC invocations=39 (full 0):
 garbage-first heap   total 372736K, used 154739K [0x0000000080000000, 0x0000000100000000)
  region size 1024K, 18 young (18432K), 18 survivors (18432K)
 Metaspace       used 102222K, committed 103296K, reserved 557056K
  class space    used 14105K, committed 14656K, reserved 425984K
}

